<?xml version="1.0" encoding="UTF-8"?>
<!-- Generated by org.testng.reporters.JUnitReportReporter -->
<testsuite skipped="0" hostname="DESKTOP-2O7KULO" name="com.actitime.tests.VerifyCreateTaskTest$VerifyCreateTask" tests="1" failures="0" timestamp="20 Feb 2018 03:03:50 GMT" time="8.144" errors="0">
  <testcase name="testBuildNumber" time="8.144" classname="com.actitime.tests.VerifyCreateTaskTest$VerifyCreateTask"/>
</testsuite> <!-- com.actitime.tests.VerifyCreateTaskTest$VerifyCreateTask -->
