<?xml version="1.0" encoding="UTF-8"?>
<!-- Generated by org.testng.reporters.JUnitReportReporter -->
<testsuite skipped="0" hostname="DESKTOP-2O7KULO" name="com.actitime.tests.InvalidLoginTest" tests="2" failures="0" timestamp="20 Feb 2018 06:56:12 GMT" time="15.792" errors="0">
  <testcase name="test" time="6.678" classname="com.actitime.tests.InvalidLoginTest"/>
  <testcase name="testInvalidLogin" time="9.114" classname="com.actitime.tests.InvalidLoginTest"/>
</testsuite> <!-- com.actitime.tests.InvalidLoginTest -->
